<?xml version="1.0" encoding="UTF-8"?>
<testsuite xmlns:xsi="http://www.w3.org/2001/XMLSchema-instance" xsi:noNamespaceSchemaLocation="https://maven.apache.org/surefire/maven-surefire-plugin/xsd/surefire-test-report.xsd" name="SE1BoxProject_gmmTest" time="1.097" tests="18" errors="0" skipped="0" failures="0">
  <properties>
    <property name="java.specification.version" value="15"/>
    <property name="sun.cpu.isalist" value="amd64"/>
    <property name="sun.jnu.encoding" value="Cp1252"/>
    <property name="java.class.path" value="C:\Users\garet\OneDrive\Desktop\with class\SE1BoxProject_gmm\target\test-classes;C:\Users\garet\OneDrive\Desktop\with class\SE1BoxProject_gmm\target\classes;C:\Users\garet\.m2\repository\junit\junit\4.11\junit-4.11.jar;C:\Users\garet\.m2\repository\org\hamcrest\hamcrest-core\1.3\hamcrest-core-1.3.jar;"/>
    <property name="java.vm.vendor" value="Oracle Corporation"/>
    <property name="sun.arch.data.model" value="64"/>
    <property name="user.variant" value=""/>
    <property name="java.vendor.url" value="https://java.oracle.com/"/>
    <property name="user.timezone" value="America/Chicago"/>
    <property name="os.name" value="Windows 10"/>
    <property name="java.vm.specification.version" value="15"/>
    <property name="sun.java.launcher" value="SUN_STANDARD"/>
    <property name="user.country" value="US"/>
    <property name="sun.boot.library.path" value="C:\Program Files\Java\jdk-15.0.1\bin"/>
    <property name="sun.java.command" value="C:\Users\garet\AppData\Local\Temp\surefire16263780787712009686\surefirebooter16949396928420032462.jar C:\Users\garet\AppData\Local\Temp\surefire16263780787712009686 2021-03-30T18-21-18_240-jvmRun1 surefire8569396187014358559tmp surefire_0829519523466753336tmp"/>
    <property name="jdk.debug" value="release"/>
    <property name="surefire.test.class.path" value="C:\Users\garet\OneDrive\Desktop\with class\SE1BoxProject_gmm\target\test-classes;C:\Users\garet\OneDrive\Desktop\with class\SE1BoxProject_gmm\target\classes;C:\Users\garet\.m2\repository\junit\junit\4.11\junit-4.11.jar;C:\Users\garet\.m2\repository\org\hamcrest\hamcrest-core\1.3\hamcrest-core-1.3.jar;"/>
    <property name="sun.cpu.endian" value="little"/>
    <property name="user.home" value="C:\Users\garet"/>
    <property name="user.language" value="en"/>
    <property name="java.specification.vendor" value="Oracle Corporation"/>
    <property name="java.version.date" value="2020-10-20"/>
    <property name="java.home" value="C:\Program Files\Java\jdk-15.0.1"/>
    <property name="file.separator" value="\"/>
    <property name="basedir" value="C:\Users\garet\OneDrive\Desktop\with class\SE1BoxProject_gmm"/>
    <property name="java.vm.compressedOopsMode" value="Zero based"/>
    <property name="line.separator" value="&#10;"/>
    <property name="java.vm.specification.vendor" value="Oracle Corporation"/>
    <property name="java.specification.name" value="Java Platform API Specification"/>
    <property name="surefire.real.class.path" value="C:\Users\garet\AppData\Local\Temp\surefire16263780787712009686\surefirebooter16949396928420032462.jar"/>
    <property name="user.script" value=""/>
    <property name="sun.management.compiler" value="HotSpot 64-Bit Tiered Compilers"/>
    <property name="java.runtime.version" value="15.0.1+9-18"/>
    <property name="user.name" value="garet"/>
    <property name="path.separator" value=";"/>
    <property name="os.version" value="10.0"/>
    <property name="java.runtime.name" value="Java(TM) SE Runtime Environment"/>
    <property name="file.encoding" value="Cp1252"/>
    <property name="java.vm.name" value="Java HotSpot(TM) 64-Bit Server VM"/>
    <property name="localRepository" value="C:\Users\garet\.m2\repository"/>
    <property name="java.vendor.url.bug" value="https://bugreport.java.com/bugreport/"/>
    <property name="java.io.tmpdir" value="C:\Users\garet\AppData\Local\Temp\"/>
    <property name="java.version" value="15.0.1"/>
    <property name="user.dir" value="C:\Users\garet\OneDrive\Desktop\with class\SE1BoxProject_gmm"/>
    <property name="os.arch" value="amd64"/>
    <property name="java.vm.specification.name" value="Java Virtual Machine Specification"/>
    <property name="sun.os.patch.level" value=""/>
    <property name="java.library.path" value="C:\Program Files\Java\jdk-15.0.1\bin;C:\WINDOWS\Sun\Java\bin;C:\WINDOWS\system32;C:\WINDOWS;C:\Program Files (x86)\Razer Chroma SDK\bin;C:\Program Files\Razer Chroma SDK\bin;C:\Program Files (x86)\Razer\ChromaBroadcast\bin;C:\Program Files\Razer\ChromaBroadcast\bin;C:\Program Files\Java\jdk-15.0.1\bin;C:\Program Files\Java\jdk-15.0.1;C:\Program Files\apache-maven-3.6.3;D:\Program Files\OpenVPN\bin;C:\WINDOWS\system32;C:\WINDOWS;C:\WINDOWS\System32\Wbem;C:\WINDOWS\System32\WindowsPowerShell\v1.0\;C:\WINDOWS\System32\OpenSSH\;C:\Program Files\dotnet\;C:\Program Files\Microsoft SQL Server\Client SDK\ODBC\170\Tools\Binn\;C:\Program Files\NVIDIA Corporation\NVIDIA NvDLISR;C:\Program Files\apache-maven-3.6.3\bin;D:\Program Files\Git\cmd;C:\WINDOWS\system32\config\systemprofile\AppData\Local\Microsoft\WindowsApps;C:\Users\garet\AppData\Local\Microsoft\WindowsApps;C:\Users\garet\.dotnet\tools;C:\Users\garet\AppData\Local\GitHubDesktop\bin;."/>
    <property name="java.vm.info" value="mixed mode, sharing"/>
    <property name="java.vendor" value="Oracle Corporation"/>
    <property name="java.vm.version" value="15.0.1+9-18"/>
    <property name="sun.io.unicode.encoding" value="UnicodeLittle"/>
    <property name="java.class.version" value="59.0"/>
  </properties>
  <testcase name="addPath3" classname="SE1BoxProject_gmmTest" time="0.002"/>
  <testcase name="addPath4" classname="SE1BoxProject_gmmTest" time="0"/>
  <testcase name="addPath5" classname="SE1BoxProject_gmmTest" time="0"/>
  <testcase name="addPath6" classname="SE1BoxProject_gmmTest" time="0"/>
  <testcase name="addPath7" classname="SE1BoxProject_gmmTest" time="0"/>
  <testcase name="addPath8" classname="SE1BoxProject_gmmTest" time="0"/>
  <testcase name="addPath9" classname="SE1BoxProject_gmmTest" time="0.001"/>
  <testcase name="makeBox444" classname="SE1BoxProject_gmmTest" time="0.154"/>
  <testcase name="makeBox555" classname="SE1BoxProject_gmmTest" time="0.266"/>
  <testcase name="makeBox666" classname="SE1BoxProject_gmmTest" time="0.23"/>
  <testcase name="makeBox777" classname="SE1BoxProject_gmmTest" time="0.291"/>
  <testcase name="fileCreation" classname="SE1BoxProject_gmmTest" time="0.048"/>
  <testcase name="addPath444" classname="SE1BoxProject_gmmTest" time="0"/>
  <testcase name="addPath448" classname="SE1BoxProject_gmmTest" time="0"/>
  <testcase name="addPath456" classname="SE1BoxProject_gmmTest" time="0"/>
  <testcase name="addPath774" classname="SE1BoxProject_gmmTest" time="0.001"/>
  <testcase name="addPath778" classname="SE1BoxProject_gmmTest" time="0"/>
  <testcase name="fileCreationAndRead" classname="SE1BoxProject_gmmTest" time="0.046"/>
</testsuite>